2020-09-18 14:08:45,940 - Log4JLogSystem initialized using logfile velocity.log
2020-09-18 14:08:45,941 - ************************************************************** 
2020-09-18 14:08:45,941 - Starting Jakarta Velocity v1.4
2020-09-18 14:08:45,941 - RuntimeInstance initializing.
2020-09-18 14:08:45,941 - Default Properties File: org\apache\velocity\runtime\defaults\velocity.properties
2020-09-18 14:08:45,942 - Trying to use logger class middlegen.DontCloseLog4JLogSystem
2020-09-18 14:08:45,942 - Using logger class middlegen.DontCloseLog4JLogSystem
2020-09-18 14:08:45,957 - Default ResourceManager initializing. (class org.apache.velocity.runtime.resource.ResourceManagerImpl)
2020-09-18 14:08:45,967 - Resource Loader Instantiated: middlegen.KindFileResourceLoader
2020-09-18 14:08:45,968 - FileResourceLoader : initialization starting.
2020-09-18 14:08:45,968 - FileResourceLoader : adding path '.'
2020-09-18 14:08:45,968 - FileResourceLoader : initialization complete.
2020-09-18 14:08:45,969 - ClasspathResourceLoader : initialization starting.
2020-09-18 14:08:45,969 - ClasspathResourceLoader : initialization complete.
2020-09-18 14:08:45,972 - ResourceCache : initialized. (class org.apache.velocity.runtime.resource.ResourceCacheImpl)
2020-09-18 14:08:45,972 - Default ResourceManager initialization complete.
2020-09-18 14:08:45,975 - Loaded System Directive: org.apache.velocity.runtime.directive.Literal
2020-09-18 14:08:45,979 - Loaded System Directive: org.apache.velocity.runtime.directive.Macro
2020-09-18 14:08:45,996 - Loaded System Directive: org.apache.velocity.runtime.directive.Parse
2020-09-18 14:08:46,000 - Loaded System Directive: org.apache.velocity.runtime.directive.Include
2020-09-18 14:08:46,002 - Loaded System Directive: org.apache.velocity.runtime.directive.Foreach
2020-09-18 14:08:46,060 - Created: 20 parsers.
2020-09-18 14:08:46,072 - Velocimacro : initialization starting.
2020-09-18 14:08:46,072 - Velocimacro : adding VMs from VM library template : VM_global_library.vm
2020-09-18 14:08:46,078 - KindFileResourceLoader : file loader failed to load: VM_global_library.vm
2020-09-18 14:08:46,087 - ResourceManager : found VM_global_library.vm with loader middlegen.KindFileResourceLoader
2020-09-18 14:08:46,087 - Velocimacro :  VM library template macro registration complete.
2020-09-18 14:08:46,087 - Velocimacro : allowInline = true : VMs can be defined inline in templates
2020-09-18 14:08:46,087 - Velocimacro : allowInlineToOverride = false : VMs defined inline may NOT replace previous VM definitions
2020-09-18 14:08:46,087 - Velocimacro : allowInlineLocal = false : VMs defined inline will be  global in scope if allowed.
2020-09-18 14:08:46,087 - Velocimacro : messages on  : VM system will output logging messages
2020-09-18 14:08:46,087 - Velocimacro : autoload off  : VM system will not automatically reload global library macros
2020-09-18 14:08:46,088 - Velocimacro : initialization complete.
2020-09-18 14:08:46,088 - Velocity successfully started.
